<?xml version="1.0" encoding="UTF-8"?>
<!-- Generated by org.testng.reporters.JUnitReportReporter -->
<testsuite hostname="LAPTOP-1NS9SL35" failures="0" tests="1" name="githubpractics.Demo1" time="0.011" errors="0" timestamp="2021-11-12T00:23:35 IST" skipped="0">
  <testcase classname="githubpractics.Demo1" name="Demo1" time="0.011"/>
  <system-out/>
</testsuite> <!-- githubpractics.Demo1 -->
