<?xml version="1.0" encoding="UTF-8"?>
<!-- Generated by org.testng.reporters.JUnitReportReporter -->
<testsuite hostname="LAPTOP-1NS9SL35" failures="0" tests="1" name="githubpractics.Demo2" time="0.011" errors="0" timestamp="2021-11-12T00:24:33 IST" skipped="0">
  <testcase classname="githubpractics.Demo2" name="demo2" time="0.011"/>
  <system-out/>
</testsuite> <!-- githubpractics.Demo2 -->
