<?xml version="1.0" encoding="UTF-8"?>
<!-- Generated by org.testng.reporters.JUnitReportReporter -->
<testsuite hostname="LAPTOP-1NS9SL35" failures="0" tests="1" name="Maven.ReadDataFromCmd" time="0.011" errors="0" timestamp="2021-11-10T19:15:09 IST" skipped="0">
  <testcase classname="Maven.ReadDataFromCmd" name="readData" time="0.011"/>
  <system-out/>
</testsuite> <!-- Maven.ReadDataFromCmd -->
